20160612-09:54:05.000 : Created session
20160612-09:54:05.000 : Connecting to 127.0.0.1 on port 9880
20160612-09:54:05.000 : Initiated logon request
20160612-09:54:06.000 : Logon contains ResetSeqNumFlag=Y, reseting sequence numbers to 1
20160612-09:54:06.000 : Received logon response
20160612-09:57:12.000 : Created session
20160612-09:57:12.000 : Connecting to 127.0.0.1 on port 9880
20160612-09:57:12.000 : Initiated logon request
20160612-09:57:12.000 : Logon contains ResetSeqNumFlag=Y, reseting sequence numbers to 1
20160612-09:57:12.000 : Received logon response
20160612-09:57:41.000 : Created session
20160612-09:57:41.000 : Connecting to 127.0.0.1 on port 9880
20160612-09:57:41.000 : Initiated logon request
20160612-09:57:41.000 : Logon contains ResetSeqNumFlag=Y, reseting sequence numbers to 1
20160612-09:57:41.000 : Received logon response
20160612-09:58:14.000 : Created session
20160612-09:58:14.000 : Connecting to 127.0.0.1 on port 9880
20160612-09:58:14.000 : Initiated logon request
20160612-09:58:14.000 : Logon contains ResetSeqNumFlag=Y, reseting sequence numbers to 1
20160612-09:58:14.000 : Received logon response
20160612-10:01:22.000 : Created session
20160612-10:01:22.000 : Connecting to 127.0.0.1 on port 9880
20160612-10:01:22.000 : Initiated logon request
20160612-10:01:23.000 : Logon contains ResetSeqNumFlag=Y, reseting sequence numbers to 1
20160612-10:01:23.000 : Received logon response
20160612-10:03:48.000 : Created session
20160612-10:03:48.000 : Connecting to 127.0.0.1 on port 9880
20160612-10:03:48.000 : Initiated logon request
20160612-10:03:48.000 : Logon contains ResetSeqNumFlag=Y, reseting sequence numbers to 1
20160612-10:03:48.000 : Received logon response
20160612-10:04:33.000 : Created session
20160612-10:04:33.000 : Connecting to 127.0.0.1 on port 9880
20160612-10:04:33.000 : Initiated logon request
20160612-10:04:33.000 : Logon contains ResetSeqNumFlag=Y, reseting sequence numbers to 1
20160612-10:04:33.000 : Received logon response
20160612-10:05:49.000 : Created session
20160612-10:05:49.000 : Connecting to 127.0.0.1 on port 9880
20160612-10:05:49.000 : Initiated logon request
20160612-10:05:50.000 : Logon contains ResetSeqNumFlag=Y, reseting sequence numbers to 1
20160612-10:05:50.000 : Received logon response
20160612-10:06:02.000 : Created session
20160612-10:06:25.000 : Created session
20160612-10:06:50.000 : Created session
20160612-10:07:09.000 : Created session
20160612-10:07:21.000 : Created session
20160612-10:07:21.000 : Connecting to 127.0.0.1 on port 9880
20160612-10:07:21.000 : Initiated logon request
20160612-10:07:21.000 : Logon contains ResetSeqNumFlag=Y, reseting sequence numbers to 1
20160612-10:07:21.000 : Received logon response
20160612-10:08:07.000 : Created session
20160612-10:08:07.000 : Connecting to 127.0.0.1 on port 9880
20160612-10:08:07.000 : Initiated logon request
20160612-10:08:08.000 : Logon contains ResetSeqNumFlag=Y, reseting sequence numbers to 1
20160612-10:08:08.000 : Received logon response
20160612-10:09:03.000 : Created session
20160612-10:09:03.000 : Connecting to 127.0.0.1 on port 9880
20160612-10:09:03.000 : Initiated logon request
20160612-10:09:04.000 : Logon contains ResetSeqNumFlag=Y, reseting sequence numbers to 1
20160612-10:09:04.000 : Received logon response
